* using log directory 'C:/Users/popco/Documents/GitHub/ajoutRep/ajoutRep.Rcheck'
* using R version 4.0.3 (2020-10-10)
* using platform: x86_64-w64-mingw32 (64-bit)
* using session charset: ISO8859-1
* using options '--no-manual --as-cran'
* checking for file 'ajoutRep/DESCRIPTION' ... OK
* this is package 'ajoutRep' version '0.0.0.9000'
* package encoding: UTF-8
* checking package namespace information ... OK
* checking package dependencies ... OK
* checking if this is a source package ... OK
* checking if there is a namespace ... OK
* checking for executable files ... OK
* checking for hidden files and directories ... OK
* checking for portable file names ... OK
* checking serialization versions ... OK
* checking whether package 'ajoutRep' can be installed ... ERROR
Installation failed.
See 'C:/Users/popco/Documents/GitHub/ajoutRep/ajoutRep.Rcheck/00install.out' for details.
* DONE
Status: 1 ERROR
